# JRE version: Java(TM) SE Runtime Environment (25.0.2+10) (build 25.0.2+10-LTS-69)
# Java VM: Java HotSpot(TM) 64-Bit Server VM (25.0.2+10-LTS-69, mixed mode, sharing, tiered, compressed oops, compressed class ptrs, parallel gc, windows-amd64)
GC Precious Log:
 CardTable entry size: 512
 CPUs: 12 total, 12 available
 Memory: 15724M
 Large Page Support: Disabled
 NUMA Support: Disabled
 Compressed Oops: Enabled (32-bit)
 Alignments: Space 512K, Generation 512K, Heap 2M
 Heap Min Capacity: 100M
 Heap Initial Capacity: 100M
 Heap Max Capacity: 2G
 Pre-touch: Disabled
 Parallel Workers: 10
Heap:
 PSYoungGen      total 31744K, used 4493K [0x00000000d5580000, 0x00000000d7900000, 0x0000000100000000)
  eden space 30720K, 11% used [0x00000000d5580000,0x00000000d59135d0,0x00000000d7380000)
  from space 1024K, 81% used [0x00000000d7380000,0x00000000d74500a0,0x00000000d7480000)
  to   space 2048K, 0% used [0x00000000d7700000,0x00000000d7700000,0x00000000d7900000)
 ParOldGen       total 86016K, used 78464K [0x0000000080000000, 0x0000000085400000, 0x00000000d5580000)
  object space 86016K, 91% used [0x0000000080000000,0x0000000084ca00c0,0x0000000085400000)
GC Heap Usage History (20 events):
Event: 15.540 {heap Before GC invocations=61 (full 2):
 PSYoungGen      total 30720K, used 30720K [0x00000000d5580000, 0x00000000d7780000, 0x0000000100000000)
  eden space 29696K, 100% used [0x00000000d5580000,0x00000000d7280000,0x00000000d7280000)
  from space 1024K, 100% used [0x00000000d7600000,0x00000000d7700000,0x00000000d7700000)
  to   space 2560K, 0% used [0x00000000d7280000,0x00000000d7280000,0x00000000d7500000)
 ParOldGen       total 84480K, used 84109K [0x0000000080000000, 0x0000000085280000, 0x00000000d55800Event: 15.541 {heap After GC invocations=61 (full 2):
 PSYoungGen      total 32256K, used 832K [0x00000000d5580000, 0x00000000d7680000, 0x0000000100000000)
  eden space 29696K, 0% used [0x00000000d5580000,0x00000000d5580000,0x00000000d7280000)
  from space 2560K, 32% used [0x00000000d7280000,0x00000000d7350000,0x00000000d7500000)
  to   space 1536K, 0% used [0x00000000d7500000,0x00000000d7500000,0x00000000d7680000)
 ParOldGen       total 84992K, used 84941K [0x0000000080000000, 0x0000000085300000, 0x00000000d5580000)
  Event: 15.609 {heap Before GC invocations=62 (full 2):
 PSYoungGen      total 32256K, used 30528K [0x00000000d5580000, 0x00000000d7680000, 0x0000000100000000)
  eden space 29696K, 100% used [0x00000000d5580000,0x00000000d7280000,0x00000000d7280000)
  from space 2560K, 32% used [0x00000000d7280000,0x00000000d7350000,0x00000000d7500000)
  to   space 1536K, 0% used [0x00000000d7500000,0x00000000d7500000,0x00000000d7680000)
 ParOldGen       total 84992K, used 84941K [0x0000000080000000, 0x0000000085300000, 0x00000000d558000Event: 15.610 {heap After GC invocations=62 (full 2):
 PSYoungGen      total 32256K, used 1120K [0x00000000d5580000, 0x00000000d7680000, 0x0000000100000000)
  eden space 30720K, 0% used [0x00000000d5580000,0x00000000d5580000,0x00000000d7380000)
  from space 1536K, 72% used [0x00000000d7500000,0x00000000d7618020,0x00000000d7680000)
  to   space 1536K, 0% used [0x00000000d7380000,0x00000000d7380000,0x00000000d7500000)
 ParOldGen       total 86016K, used 85573K [0x0000000080000000, 0x0000000085400000, 0x00000000d5580000)
 Event: 15.719 {heap Before GC invocations=63 (full 3):
 PSYoungGen      total 32256K, used 17531K [0x00000000d5580000, 0x00000000d7680000, 0x0000000100000000)
  eden space 30720K, 53% used [0x00000000d5580000,0x00000000d6586cc8,0x00000000d7380000)
  from space 1536K, 72% used [0x00000000d7500000,0x00000000d7618020,0x00000000d7680000)
  to   space 1536K, 0% used [0x00000000d7380000,0x00000000d7380000,0x00000000d7500000)
 ParOldGen       total 86016K, used 85573K [0x0000000080000000, 0x0000000085400000, 0x00000000d5580000Event: 15.789 {heap After GC invocations=63 (full 3):
 PSYoungGen      total 32256K, used 0K [0x00000000d5580000, 0x00000000d7680000, 0x0000000100000000)
  eden space 30720K, 0% used [0x00000000d5580000,0x00000000d5580000,0x00000000d7380000)
  from space 1536K, 0% used [0x00000000d7500000,0x00000000d7500000,0x00000000d7680000)
  to   space 1536K, 0% used [0x00000000d7380000,0x00000000d7380000,0x00000000d7500000)
 ParOldGen       total 86016K, used 70503K [0x0000000080000000, 0x0000000085400000, 0x00000000d5580000)
  objEvent: 15.881 {heap Before GC invocations=64 (full 3):
 PSYoungGen      total 32256K, used 30720K [0x00000000d5580000, 0x00000000d7680000, 0x0000000100000000)
  eden space 30720K, 100% used [0x00000000d5580000,0x00000000d7380000,0x00000000d7380000)
  from space 1536K, 0% used [0x00000000d7500000,0x00000000d7500000,0x00000000d7680000)
  to   space 1536K, 0% used [0x00000000d7380000,0x00000000d7380000,0x00000000d7500000)
 ParOldGen       total 86016K, used 70503K [0x0000000080000000, 0x0000000085400000, 0x00000000d5580000Event: 15.883 {heap After GC invocations=64 (full 3):
 PSYoungGen      total 31744K, used 1527K [0x00000000d5580000, 0x00000000d7700000, 0x0000000100000000)
  eden space 30208K, 0% used [0x00000000d5580000,0x00000000d5580000,0x00000000d7300000)
  from space 1536K, 99% used [0x00000000d7380000,0x00000000d74fdd48,0x00000000d7500000)
  to   space 2048K, 0% used [0x00000000d7500000,0x00000000d7500000,0x00000000d7700000)
 ParOldGen       total 86016K, used 70798K [0x0000000080000000, 0x0000000085400000, 0x00000000d5580000)
 Event: 16.058 {heap Before GC invocations=65 (full 3):
 PSYoungGen      total 31744K, used 31735K [0x00000000d5580000, 0x00000000d7700000, 0x0000000100000000)
  eden space 30208K, 100% used [0x00000000d5580000,0x00000000d7300000,0x00000000d7300000)
  from space 1536K, 99% used [0x00000000d7380000,0x00000000d74fdd48,0x00000000d7500000)
  to   space 2048K, 0% used [0x00000000d7500000,0x00000000d7500000,0x00000000d7700000)
 ParOldGen       total 86016K, used 70798K [0x0000000080000000, 0x0000000085400000, 0x00000000d558000Event: 16.060 {heap After GC invocations=65 (full 3):
 PSYoungGen      total 32256K, used 1332K [0x00000000d5580000, 0x00000000d7680000, 0x0000000100000000)
  eden space 30720K, 0% used [0x00000000d5580000,0x00000000d5580000,0x00000000d7380000)
  from space 1536K, 86% used [0x00000000d7500000,0x00000000d764d000,0x00000000d7680000)
  to   space 1536K, 0% used [0x00000000d7380000,0x00000000d7380000,0x00000000d7500000)
 ParOldGen       total 86016K, used 71158K [0x0000000080000000, 0x0000000085400000, 0x00000000d5580000)
 Event: 16.204 {heap Before GC invocations=66 (full 3):
 PSYoungGen      total 32256K, used 32052K [0x00000000d5580000, 0x00000000d7680000, 0x0000000100000000)
  eden space 30720K, 100% used [0x00000000d5580000,0x00000000d7380000,0x00000000d7380000)
  from space 1536K, 86% used [0x00000000d7500000,0x00000000d764d000,0x00000000d7680000)
  to   space 1536K, 0% used [0x00000000d7380000,0x00000000d7380000,0x00000000d7500000)
 ParOldGen       total 86016K, used 71158K [0x0000000080000000, 0x0000000085400000, 0x00000000d558000Event: 16.206 {heap After GC invocations=66 (full 3):
 PSYoungGen      total 31744K, used 1526K [0x00000000d5580000, 0x00000000d7a00000, 0x0000000100000000)
  eden space 30208K, 0% used [0x00000000d5580000,0x00000000d5580000,0x00000000d7300000)
  from space 1536K, 99% used [0x00000000d7380000,0x00000000d74fd808,0x00000000d7500000)
  to   space 3584K, 0% used [0x00000000d7680000,0x00000000d7680000,0x00000000d7a00000)
 ParOldGen       total 86016K, used 72621K [0x0000000080000000, 0x0000000085400000, 0x00000000d5580000)
 Event: 16.561 {heap Before GC invocations=67 (full 3):
 PSYoungGen      total 31744K, used 31734K [0x00000000d5580000, 0x00000000d7a00000, 0x0000000100000000)
  eden space 30208K, 100% used [0x00000000d5580000,0x00000000d7300000,0x00000000d7300000)
  from space 1536K, 99% used [0x00000000d7380000,0x00000000d74fd808,0x00000000d7500000)
  to   space 3584K, 0% used [0x00000000d7680000,0x00000000d7680000,0x00000000d7a00000)
 ParOldGen       total 86016K, used 72621K [0x0000000080000000, 0x0000000085400000, 0x00000000d558000Event: 16.562 {heap After GC invocations=67 (full 3):
 PSYoungGen      total 31744K, used 1915K [0x00000000d5580000, 0x00000000d7880000, 0x0000000100000000)
  eden space 29696K, 0% used [0x00000000d5580000,0x00000000d5580000,0x00000000d7280000)
  from space 2048K, 93% used [0x00000000d7680000,0x00000000d785ec18,0x00000000d7880000)
  to   space 2560K, 0% used [0x00000000d7380000,0x00000000d7380000,0x00000000d7600000)
 ParOldGen       total 86016K, used 73999K [0x0000000080000000, 0x0000000085400000, 0x00000000d5580000)
 Event: 17.787 {heap Before GC invocations=68 (full 3):
 PSYoungGen      total 31744K, used 31611K [0x00000000d5580000, 0x00000000d7880000, 0x0000000100000000)
  eden space 29696K, 100% used [0x00000000d5580000,0x00000000d7280000,0x00000000d7280000)
  from space 2048K, 93% used [0x00000000d7680000,0x00000000d785ec18,0x00000000d7880000)
  to   space 2560K, 0% used [0x00000000d7380000,0x00000000d7380000,0x00000000d7600000)
 ParOldGen       total 86016K, used 73999K [0x0000000080000000, 0x0000000085400000, 0x00000000d558000Event: 17.790 {heap After GC invocations=68 (full 3):
 PSYoungGen      total 31744K, used 2549K [0x00000000d5580000, 0x00000000d7f00000, 0x0000000100000000)
  eden space 29184K, 0% used [0x00000000d5580000,0x00000000d5580000,0x00000000d7200000)
  from space 2560K, 99% used [0x00000000d7380000,0x00000000d75fd640,0x00000000d7600000)
  to   space 6656K, 0% used [0x00000000d7880000,0x00000000d7880000,0x00000000d7f00000)
 ParOldGen       total 86016K, used 77203K [0x0000000080000000, 0x0000000085400000, 0x00000000d5580000)
 Event: 18.938 {heap Before GC invocations=69 (full 3):
 PSYoungGen      total 31744K, used 31733K [0x00000000d5580000, 0x00000000d7f00000, 0x0000000100000000)
  eden space 29184K, 100% used [0x00000000d5580000,0x00000000d7200000,0x00000000d7200000)
  from space 2560K, 99% used [0x00000000d7380000,0x00000000d75fd640,0x00000000d7600000)
  to   space 6656K, 0% used [0x00000000d7880000,0x00000000d7880000,0x00000000d7f00000)
 ParOldGen       total 86016K, used 77203K [0x0000000080000000, 0x0000000085400000, 0x00000000d558000Event: 18.941 {heap After GC invocations=69 (full 3):
 PSYoungGen      total 32768K, used 3629K [0x00000000d5580000, 0x00000000d7c80000, 0x0000000100000000)
  eden space 28672K, 0% used [0x00000000d5580000,0x00000000d5580000,0x00000000d7180000)
  from space 4096K, 88% used [0x00000000d7880000,0x00000000d7c0b668,0x00000000d7c80000)
  to   space 4608K, 0% used [0x00000000d7380000,0x00000000d7380000,0x00000000d7800000)
 ParOldGen       total 86016K, used 77755K [0x0000000080000000, 0x0000000085400000, 0x00000000d5580000)
 Event: 105.275 {heap Before GC invocations=70 (full 3):
 PSYoungGen      total 32768K, used 32301K [0x00000000d5580000, 0x00000000d7c80000, 0x0000000100000000)
  eden space 28672K, 100% used [0x00000000d5580000,0x00000000d7180000,0x00000000d7180000)
  from space 4096K, 88% used [0x00000000d7880000,0x00000000d7c0b668,0x00000000d7c80000)
  to   space 4608K, 0% used [0x00000000d7380000,0x00000000d7380000,0x00000000d7800000)
 ParOldGen       total 86016K, used 77755K [0x0000000080000000, 0x0000000085400000, 0x00000000d558000Event: 105.326 {heap After GC invocations=70 (full 3):
 PSYoungGen      total 31744K, used 832K [0x00000000d5580000, 0x00000000d7900000, 0x0000000100000000)
  eden space 30720K, 0% used [0x00000000d5580000,0x00000000d5580000,0x00000000d7380000)
  from space 1024K, 81% used [0x00000000d7380000,0x00000000d74500a0,0x00000000d7480000)
  to   space 2048K, 0% used [0x00000000d7700000,0x00000000d7700000,0x00000000d7900000)
 ParOldGen       total 86016K, used 78464K [0x0000000080000000, 0x0000000085400000, 0x00000000d5580000)
  
Metaspace Usage History (20 events):
Event: 15.540 {metaspace Before GC invocations=61 (full 2):
 Metaspace       used 57259K, committed 58624K, reserved 1114112K
  class space    used 6293K, committed 6848K, reserved 1048576K
}
Event: 15.541 {metaspace After GC invocations=61 (full 2):
 Metaspace       used 57259K, committed 58624K, reserved 1114112K
  class space    used 6293K, committed 6848K, reserved 1048576K
}
Event: 15.609 {metaspace Before GC invocations=62 (full 2):
 Metaspace       used 57795K, committed 59136K, reserved 1114112K
  class space    used 6355K, committed 6912K, reserved 1048576K
}
Event: 15.610 {metaspace After GC invocations=62 (full 2):
 Metaspace       used 57795K, committed 59136K, reserved 1114112K
  class space    used 6355K, committed 6912K, reserved 1048576K
}
Event: 15.719 {metaspace Before GC invocations=63 (full 3):
 Metaspace       used 58502K, committed 59776K, reserved 1114112K
  class space    used 6435K, committed 6976K, reserved 1048576K
}
Event: 15.789 {metaspace After GC invocations=63 (full 3):
 Metaspace       used 58497K, committed 59776K, reserved 1114112K
  class space    used 6434K, committed 6976K, reserved 1048576K
}
Event: 15.881 {metaspace Before GC invocations=64 (full 3):
 Metaspace       used 58848K, committed 60224K, reserved 1114112K
  class space    used 6465K, committed 7040K, reserved 1048576K
}
Event: 15.883 {metaspace After GC invocations=64 (full 3):
 Metaspace       used 58848K, committed 60224K, reserved 1114112K
  class space    used 6465K, committed 7040K, reserved 1048576K
}
Event: 16.058 {metaspace Before GC invocations=65 (full 3):
 Metaspace       used 60328K, committed 61632K, reserved 1114112K
  class space    used 6601K, committed 7168K, reserved 1048576K
}
Event: 16.060 {metaspace After GC invocations=65 (full 3):
 Metaspace       used 60328K, committed 61632K, reserved 1114112K
  class space    used 6601K, committed 7168K, reserved 1048576K
}
Event: 16.204 {metaspace Before GC invocations=66 (full 3):
 Metaspace       used 61946K, committed 63360K, reserved 1114112K
  class space    used 6776K, committed 7360K, reserved 1048576K
}
Event: 16.206 {metaspace After GC invocations=66 (full 3):
 Metaspace       used 61946K, committed 63360K, reserved 1114112K
  class space    used 6776K, committed 7360K, reserved 1048576K
}
Event: 16.561 {metaspace Before GC invocations=67 (full 3):
 Metaspace       used 64240K, committed 65600K, reserved 1114112K
  class space    used 7032K, committed 7552K, reserved 1048576K
}
Event: 16.563 {metaspace After GC invocations=67 (full 3):
 Metaspace       used 64240K, committed 65600K, reserved 1114112K
  class space    used 7032K, committed 7552K, reserved 1048576K
}
Event: 17.787 {metaspace Before GC invocations=68 (full 3):
 Metaspace       used 66299K, committed 67648K, reserved 1114112K
  class space    used 7318K, committed 7872K, reserved 1048576K
}
Event: 17.790 {metaspace After GC invocations=68 (full 3):
 Metaspace       used 66299K, committed 67648K, reserved 1114112K
  class space    used 7318K, committed 7872K, reserved 1048576K
}
Event: 18.938 {metaspace Before GC invocations=69 (full 3):
 Metaspace       used 66836K, committed 68160K, reserved 1114112K
  class space    used 7398K, committed 7936K, reserved 1048576K
}
Event: 18.941 {metaspace After GC invocations=69 (full 3):
 Metaspace       used 66836K, committed 68160K, reserved 1114112K
  class space    used 7398K, committed 7936K, reserved 1048576K
}
Event: 105.276 {metaspace Before GC invocations=70 (full 3):
 Metaspace       used 67305K, committed 68736K, reserved 1114112K
  class space    used 7412K, committed 8000K, reserved 1048576K
}
Event: 105.326 {metaspace After GC invocations=70 (full 3):
 Metaspace       used 67305K, committed 68736K, reserved 1114112K
  class space    used 7412K, committed 8000K, reserved 1048576K
}

